Mensaje I / 00:00:00:000 / Root(00) para top(01)
Mensaje I / 00:00:00:000 / top(01) para phone(02)
Mensaje D / 00:00:00:000 / phone(02) / ... para top(01)
Mensaje D / 00:00:00:000 / top(01) / ... para Root(00)
Mensaje X / 00:00:00:000 / Root(00) / in /      1.00000 para top(01)
Mensaje X / 00:00:00:000 / top(01) / handset /      1.00000 para phone(02)
Mensaje D / 00:00:00:000 / phone(02) / 00:00:00:000 para top(01)
Mensaje D / 00:00:00:000 / top(01) / 00:00:00:000 para Root(00)
Mensaje * / 00:00:00:000 / Root(00) para top(01)
Mensaje * / 00:00:00:000 / top(01) para phone(02)
Mensaje Y / 00:00:00:000 / phone(02) / toswitch /      1.00000 para top(01)
Mensaje D / 00:00:00:000 / phone(02) / ... para top(01)
Mensaje D / 00:00:00:000 / top(01) / ... para Root(00)
Mensaje X / 00:00:00:111 / Root(00) / in /      0.00000 para top(01)
Mensaje X / 00:00:00:111 / top(01) / handset /      0.00000 para phone(02)
Mensaje D / 00:00:00:111 / phone(02) / 00:00:00:000 para top(01)
Mensaje D / 00:00:00:111 / top(01) / 00:00:00:000 para Root(00)
Mensaje * / 00:00:00:111 / Root(00) para top(01)
Mensaje * / 00:00:00:111 / top(01) para phone(02)
Mensaje Y / 00:00:00:111 / phone(02) / toswitch /      0.00000 para top(01)
Mensaje D / 00:00:00:111 / phone(02) / ... para top(01)
Mensaje D / 00:00:00:111 / top(01) / ... para Root(00)
Mensaje X / 00:00:00:222 / Root(00) / in /      1.00000 para top(01)
Mensaje X / 00:00:00:222 / top(01) / handset /      1.00000 para phone(02)
Mensaje D / 00:00:00:222 / phone(02) / 00:00:00:000 para top(01)
Mensaje D / 00:00:00:222 / top(01) / 00:00:00:000 para Root(00)
Mensaje * / 00:00:00:222 / Root(00) para top(01)
Mensaje * / 00:00:00:222 / top(01) para phone(02)
Mensaje Y / 00:00:00:222 / phone(02) / toswitch /      1.00000 para top(01)
Mensaje D / 00:00:00:222 / phone(02) / ... para top(01)
Mensaje D / 00:00:00:222 / top(01) / ... para Root(00)
Mensaje X / 00:00:00:333 / Root(00) / switch /      3.00000 para top(01)
Mensaje X / 00:00:00:333 / top(01) / fromswitch /      3.00000 para phone(02)
Mensaje D / 00:00:00:333 / phone(02) / 00:00:00:000 para top(01)
Mensaje D / 00:00:00:333 / top(01) / 00:00:00:000 para Root(00)
Mensaje * / 00:00:00:333 / Root(00) para top(01)
Mensaje * / 00:00:00:333 / top(01) para phone(02)
Mensaje Y / 00:00:00:333 / phone(02) / dialtone /      1.00000 para top(01)
Mensaje D / 00:00:00:333 / phone(02) / ... para top(01)
Mensaje D / 00:00:00:333 / top(01) / ... para Root(00)
Mensaje X / 00:00:00:444 / Root(00) / in /      0.00000 para top(01)
Mensaje X / 00:00:00:444 / top(01) / handset /      0.00000 para phone(02)
Mensaje D / 00:00:00:444 / phone(02) / 00:00:00:000 para top(01)
Mensaje D / 00:00:00:444 / top(01) / 00:00:00:000 para Root(00)
Mensaje * / 00:00:00:444 / Root(00) para top(01)
Mensaje * / 00:00:00:444 / top(01) para phone(02)
Mensaje Y / 00:00:00:444 / phone(02) / dialtone /      0.00000 para top(01)
Mensaje Y / 00:00:00:444 / phone(02) / toswitch /      0.00000 para top(01)
Mensaje D / 00:00:00:444 / phone(02) / ... para top(01)
Mensaje D / 00:00:00:444 / top(01) / ... para Root(00)
Mensaje X / 00:00:00:555 / Root(00) / in /      1.00000 para top(01)
Mensaje X / 00:00:00:555 / top(01) / handset /      1.00000 para phone(02)
Mensaje D / 00:00:00:555 / phone(02) / 00:00:00:000 para top(01)
Mensaje D / 00:00:00:555 / top(01) / 00:00:00:000 para Root(00)
Mensaje * / 00:00:00:555 / Root(00) para top(01)
Mensaje * / 00:00:00:555 / top(01) para phone(02)
Mensaje Y / 00:00:00:555 / phone(02) / toswitch /      1.00000 para top(01)
Mensaje D / 00:00:00:555 / phone(02) / ... para top(01)
Mensaje D / 00:00:00:555 / top(01) / ... para Root(00)
Mensaje X / 00:00:00:666 / Root(00) / switch /      3.00000 para top(01)
Mensaje X / 00:00:00:666 / top(01) / fromswitch /      3.00000 para phone(02)
Mensaje D / 00:00:00:666 / phone(02) / 00:00:00:000 para top(01)
Mensaje D / 00:00:00:666 / top(01) / 00:00:00:000 para Root(00)
Mensaje * / 00:00:00:666 / Root(00) para top(01)
Mensaje * / 00:00:00:666 / top(01) para phone(02)
Mensaje Y / 00:00:00:666 / phone(02) / dialtone /      1.00000 para top(01)
Mensaje D / 00:00:00:666 / phone(02) / ... para top(01)
Mensaje D / 00:00:00:666 / top(01) / ... para Root(00)
Mensaje X / 00:00:00:777 / Root(00) / dial /      0.00000 para top(01)
Mensaje X / 00:00:00:777 / top(01) / dialnum /      0.00000 para phone(02)
Mensaje D / 00:00:00:777 / phone(02) / 00:00:00:100 para top(01)
Mensaje D / 00:00:00:777 / top(01) / 00:00:00:100 para Root(00)
Mensaje * / 00:00:00:877 / Root(00) para top(01)
Mensaje * / 00:00:00:877 / top(01) para phone(02)
Mensaje Y / 00:00:00:877 / phone(02) / dialtone /      0.00000 para top(01)
Mensaje Y / 00:00:00:877 / phone(02) / callnum /      0.00000 para top(01)
Mensaje D / 00:00:00:877 / phone(02) / ... para top(01)
Mensaje D / 00:00:00:877 / top(01) / ... para Root(00)
Mensaje X / 00:00:00:888 / Root(00) / switch /      5.00000 para top(01)
Mensaje X / 00:00:00:888 / top(01) / fromswitch /      5.00000 para phone(02)
Mensaje D / 00:00:00:888 / phone(02) / 00:00:00:000 para top(01)
Mensaje D / 00:00:00:888 / top(01) / 00:00:00:000 para Root(00)
Mensaje * / 00:00:00:888 / Root(00) para top(01)
Mensaje * / 00:00:00:888 / top(01) para phone(02)
Mensaje Y / 00:00:00:888 / phone(02) / remotering /      1.00000 para top(01)
Mensaje D / 00:00:00:888 / phone(02) / ... para top(01)
Mensaje D / 00:00:00:888 / top(01) / ... para Root(00)
Mensaje X / 00:00:00:999 / Root(00) / in /      0.00000 para top(01)
Mensaje X / 00:00:00:999 / top(01) / handset /      0.00000 para phone(02)
Mensaje D / 00:00:00:999 / phone(02) / 00:00:00:000 para top(01)
Mensaje D / 00:00:00:999 / top(01) / 00:00:00:000 para Root(00)
Mensaje * / 00:00:00:999 / Root(00) para top(01)
Mensaje * / 00:00:00:999 / top(01) para phone(02)
Mensaje Y / 00:00:00:999 / phone(02) / remotering /      0.00000 para top(01)
Mensaje Y / 00:00:00:999 / phone(02) / toswitch /      0.00000 para top(01)
Mensaje D / 00:00:00:999 / phone(02) / ... para top(01)
Mensaje D / 00:00:00:999 / top(01) / ... para Root(00)
Mensaje X / 00:00:01:111 / Root(00) / in /      1.00000 para top(01)
Mensaje X / 00:00:01:111 / top(01) / handset /      1.00000 para phone(02)
Mensaje D / 00:00:01:111 / phone(02) / 00:00:00:000 para top(01)
Mensaje D / 00:00:01:111 / top(01) / 00:00:00:000 para Root(00)
Mensaje * / 00:00:01:111 / Root(00) para top(01)
Mensaje * / 00:00:01:111 / top(01) para phone(02)
Mensaje Y / 00:00:01:111 / phone(02) / toswitch /      1.00000 para top(01)
Mensaje D / 00:00:01:111 / phone(02) / ... para top(01)
Mensaje D / 00:00:01:111 / top(01) / ... para Root(00)
Mensaje X / 00:00:01:222 / Root(00) / switch /      3.00000 para top(01)
Mensaje X / 00:00:01:222 / top(01) / fromswitch /      3.00000 para phone(02)
Mensaje D / 00:00:01:222 / phone(02) / 00:00:00:000 para top(01)
Mensaje D / 00:00:01:222 / top(01) / 00:00:00:000 para Root(00)
Mensaje * / 00:00:01:222 / Root(00) para top(01)
Mensaje * / 00:00:01:222 / top(01) para phone(02)
Mensaje Y / 00:00:01:222 / phone(02) / dialtone /      1.00000 para top(01)
Mensaje D / 00:00:01:222 / phone(02) / ... para top(01)
Mensaje D / 00:00:01:222 / top(01) / ... para Root(00)
Mensaje X / 00:00:01:333 / Root(00) / dial /      1.00000 para top(01)
Mensaje X / 00:00:01:333 / top(01) / dialnum /      1.00000 para phone(02)
Mensaje D / 00:00:01:333 / phone(02) / 00:00:00:100 para top(01)
Mensaje D / 00:00:01:333 / top(01) / 00:00:00:100 para Root(00)
Mensaje * / 00:00:01:433 / Root(00) para top(01)
Mensaje * / 00:00:01:433 / top(01) para phone(02)
Mensaje Y / 00:00:01:433 / phone(02) / dialtone /      0.00000 para top(01)
Mensaje Y / 00:00:01:433 / phone(02) / callnum /      1.00000 para top(01)
Mensaje D / 00:00:01:433 / phone(02) / ... para top(01)
Mensaje D / 00:00:01:433 / top(01) / ... para Root(00)
Mensaje X / 00:00:01:444 / Root(00) / switch /      5.00000 para top(01)
Mensaje X / 00:00:01:444 / top(01) / fromswitch /      5.00000 para phone(02)
Mensaje D / 00:00:01:444 / phone(02) / 00:00:00:000 para top(01)
Mensaje D / 00:00:01:444 / top(01) / 00:00:00:000 para Root(00)
Mensaje * / 00:00:01:444 / Root(00) para top(01)
Mensaje * / 00:00:01:444 / top(01) para phone(02)
Mensaje Y / 00:00:01:444 / phone(02) / remotering /      1.00000 para top(01)
Mensaje D / 00:00:01:444 / phone(02) / ... para top(01)
Mensaje D / 00:00:01:444 / top(01) / ... para Root(00)
Mensaje X / 00:00:01:555 / Root(00) / switch /      8.00000 para top(01)
Mensaje X / 00:00:01:555 / top(01) / fromswitch /      8.00000 para phone(02)
Mensaje D / 00:00:01:555 / phone(02) / 00:00:00:000 para top(01)
Mensaje D / 00:00:01:555 / top(01) / 00:00:00:000 para Root(00)
Mensaje * / 00:00:01:555 / Root(00) para top(01)
Mensaje * / 00:00:01:555 / top(01) para phone(02)
Mensaje Y / 00:00:01:555 / phone(02) / remotering /      0.00000 para top(01)
Mensaje Y / 00:00:01:555 / phone(02) / connect /      1.00000 para top(01)
Mensaje D / 00:00:01:555 / phone(02) / ... para top(01)
Mensaje D / 00:00:01:555 / top(01) / ... para Root(00)
Mensaje X / 00:00:01:666 / Root(00) / in /      0.00000 para top(01)
Mensaje X / 00:00:01:666 / top(01) / handset /      0.00000 para phone(02)
Mensaje D / 00:00:01:666 / phone(02) / 00:00:00:000 para top(01)
Mensaje D / 00:00:01:666 / top(01) / 00:00:00:000 para Root(00)
Mensaje * / 00:00:01:666 / Root(00) para top(01)
Mensaje * / 00:00:01:666 / top(01) para phone(02)
Mensaje Y / 00:00:01:666 / phone(02) / connect /      0.00000 para top(01)
Mensaje Y / 00:00:01:666 / phone(02) / toswitch /      0.00000 para top(01)
Mensaje D / 00:00:01:666 / phone(02) / ... para top(01)
Mensaje D / 00:00:01:666 / top(01) / ... para Root(00)
Mensaje X / 00:00:02:111 / Root(00) / in /      1.00000 para top(01)
Mensaje X / 00:00:02:111 / top(01) / handset /      1.00000 para phone(02)
Mensaje D / 00:00:02:111 / phone(02) / 00:00:00:000 para top(01)
Mensaje D / 00:00:02:111 / top(01) / 00:00:00:000 para Root(00)
Mensaje * / 00:00:02:111 / Root(00) para top(01)
Mensaje * / 00:00:02:111 / top(01) para phone(02)
Mensaje Y / 00:00:02:111 / phone(02) / toswitch /      1.00000 para top(01)
Mensaje D / 00:00:02:111 / phone(02) / ... para top(01)
Mensaje D / 00:00:02:111 / top(01) / ... para Root(00)
Mensaje X / 00:00:02:222 / Root(00) / switch /      3.00000 para top(01)
Mensaje X / 00:00:02:222 / top(01) / fromswitch /      3.00000 para phone(02)
Mensaje D / 00:00:02:222 / phone(02) / 00:00:00:000 para top(01)
Mensaje D / 00:00:02:222 / top(01) / 00:00:00:000 para Root(00)
Mensaje * / 00:00:02:222 / Root(00) para top(01)
Mensaje * / 00:00:02:222 / top(01) para phone(02)
Mensaje Y / 00:00:02:222 / phone(02) / dialtone /      1.00000 para top(01)
Mensaje D / 00:00:02:222 / phone(02) / ... para top(01)
Mensaje D / 00:00:02:222 / top(01) / ... para Root(00)
Mensaje X / 00:00:02:333 / Root(00) / dial /      2.00000 para top(01)
Mensaje X / 00:00:02:333 / top(01) / dialnum /      2.00000 para phone(02)
Mensaje D / 00:00:02:333 / phone(02) / 00:00:00:100 para top(01)
Mensaje D / 00:00:02:333 / top(01) / 00:00:00:100 para Root(00)
Mensaje * / 00:00:02:433 / Root(00) para top(01)
Mensaje * / 00:00:02:433 / top(01) para phone(02)
Mensaje Y / 00:00:02:433 / phone(02) / dialtone /      0.00000 para top(01)
Mensaje Y / 00:00:02:433 / phone(02) / callnum /      2.00000 para top(01)
Mensaje D / 00:00:02:433 / phone(02) / ... para top(01)
Mensaje D / 00:00:02:433 / top(01) / ... para Root(00)
Mensaje X / 00:00:02:444 / Root(00) / switch /      5.00000 para top(01)
Mensaje X / 00:00:02:444 / top(01) / fromswitch /      5.00000 para phone(02)
Mensaje D / 00:00:02:444 / phone(02) / 00:00:00:000 para top(01)
Mensaje D / 00:00:02:444 / top(01) / 00:00:00:000 para Root(00)
Mensaje * / 00:00:02:444 / Root(00) para top(01)
Mensaje * / 00:00:02:444 / top(01) para phone(02)
Mensaje Y / 00:00:02:444 / phone(02) / remotering /      1.00000 para top(01)
Mensaje D / 00:00:02:444 / phone(02) / ... para top(01)
Mensaje D / 00:00:02:444 / top(01) / ... para Root(00)
Mensaje X / 00:00:02:555 / Root(00) / switch /      8.00000 para top(01)
Mensaje X / 00:00:02:555 / top(01) / fromswitch /      8.00000 para phone(02)
Mensaje D / 00:00:02:555 / phone(02) / 00:00:00:000 para top(01)
Mensaje D / 00:00:02:555 / top(01) / 00:00:00:000 para Root(00)
Mensaje * / 00:00:02:555 / Root(00) para top(01)
Mensaje * / 00:00:02:555 / top(01) para phone(02)
Mensaje Y / 00:00:02:555 / phone(02) / remotering /      0.00000 para top(01)
Mensaje Y / 00:00:02:555 / phone(02) / connect /      1.00000 para top(01)
Mensaje D / 00:00:02:555 / phone(02) / ... para top(01)
Mensaje D / 00:00:02:555 / top(01) / ... para Root(00)
Mensaje X / 00:00:02:666 / Root(00) / switch /      9.00000 para top(01)
Mensaje X / 00:00:02:666 / top(01) / fromswitch /      9.00000 para phone(02)
Mensaje D / 00:00:02:666 / phone(02) / 00:00:00:000 para top(01)
Mensaje D / 00:00:02:666 / top(01) / 00:00:00:000 para Root(00)
Mensaje * / 00:00:02:666 / Root(00) para top(01)
Mensaje * / 00:00:02:666 / top(01) para phone(02)
Mensaje Y / 00:00:02:666 / phone(02) / connect /      0.00000 para top(01)
Mensaje D / 00:00:02:666 / phone(02) / ... para top(01)
Mensaje D / 00:00:02:666 / top(01) / ... para Root(00)
Mensaje X / 00:00:02:777 / Root(00) / in /      0.00000 para top(01)
Mensaje X / 00:00:02:777 / top(01) / handset /      0.00000 para phone(02)
Mensaje D / 00:00:02:777 / phone(02) / 00:00:00:000 para top(01)
Mensaje D / 00:00:02:777 / top(01) / 00:00:00:000 para Root(00)
Mensaje * / 00:00:02:777 / Root(00) para top(01)
Mensaje * / 00:00:02:777 / top(01) para phone(02)
Mensaje Y / 00:00:02:777 / phone(02) / toswitch /      0.00000 para top(01)
Mensaje D / 00:00:02:777 / phone(02) / ... para top(01)
Mensaje D / 00:00:02:777 / top(01) / ... para Root(00)
Mensaje X / 00:00:03:111 / Root(00) / in /      1.00000 para top(01)
Mensaje X / 00:00:03:111 / top(01) / handset /      1.00000 para phone(02)
Mensaje D / 00:00:03:111 / phone(02) / 00:00:00:000 para top(01)
Mensaje D / 00:00:03:111 / top(01) / 00:00:00:000 para Root(00)
Mensaje * / 00:00:03:111 / Root(00) para top(01)
Mensaje * / 00:00:03:111 / top(01) para phone(02)
Mensaje Y / 00:00:03:111 / phone(02) / toswitch /      1.00000 para top(01)
Mensaje D / 00:00:03:111 / phone(02) / ... para top(01)
Mensaje D / 00:00:03:111 / top(01) / ... para Root(00)
Mensaje X / 00:00:03:222 / Root(00) / switch /      3.00000 para top(01)
Mensaje X / 00:00:03:222 / top(01) / fromswitch /      3.00000 para phone(02)
Mensaje D / 00:00:03:222 / phone(02) / 00:00:00:000 para top(01)
Mensaje D / 00:00:03:222 / top(01) / 00:00:00:000 para Root(00)
Mensaje * / 00:00:03:222 / Root(00) para top(01)
Mensaje * / 00:00:03:222 / top(01) para phone(02)
Mensaje Y / 00:00:03:222 / phone(02) / dialtone /      1.00000 para top(01)
Mensaje D / 00:00:03:222 / phone(02) / ... para top(01)
Mensaje D / 00:00:03:222 / top(01) / ... para Root(00)
Mensaje X / 00:00:03:333 / Root(00) / dial /      3.00000 para top(01)
Mensaje X / 00:00:03:333 / top(01) / dialnum /      3.00000 para phone(02)
Mensaje D / 00:00:03:333 / phone(02) / 00:00:00:100 para top(01)
Mensaje D / 00:00:03:333 / top(01) / 00:00:00:100 para Root(00)
Mensaje * / 00:00:03:433 / Root(00) para top(01)
Mensaje * / 00:00:03:433 / top(01) para phone(02)
Mensaje Y / 00:00:03:433 / phone(02) / dialtone /      0.00000 para top(01)
Mensaje Y / 00:00:03:433 / phone(02) / callnum /      3.00000 para top(01)
Mensaje D / 00:00:03:433 / phone(02) / ... para top(01)
Mensaje D / 00:00:03:433 / top(01) / ... para Root(00)
Mensaje X / 00:00:03:444 / Root(00) / switch /      6.00000 para top(01)
Mensaje X / 00:00:03:444 / top(01) / fromswitch /      6.00000 para phone(02)
Mensaje D / 00:00:03:444 / phone(02) / 00:00:00:000 para top(01)
Mensaje D / 00:00:03:444 / top(01) / 00:00:00:000 para Root(00)
Mensaje * / 00:00:03:444 / Root(00) para top(01)
Mensaje * / 00:00:03:444 / top(01) para phone(02)
Mensaje Y / 00:00:03:444 / phone(02) / busy /      1.00000 para top(01)
Mensaje D / 00:00:03:444 / phone(02) / ... para top(01)
Mensaje D / 00:00:03:444 / top(01) / ... para Root(00)
Mensaje X / 00:00:03:555 / Root(00) / in /      0.00000 para top(01)
Mensaje X / 00:00:03:555 / top(01) / handset /      0.00000 para phone(02)
Mensaje D / 00:00:03:555 / phone(02) / 00:00:00:000 para top(01)
Mensaje D / 00:00:03:555 / top(01) / 00:00:00:000 para Root(00)
Mensaje * / 00:00:03:555 / Root(00) para top(01)
Mensaje * / 00:00:03:555 / top(01) para phone(02)
Mensaje Y / 00:00:03:555 / phone(02) / busy /      0.00000 para top(01)
Mensaje Y / 00:00:03:555 / phone(02) / toswitch /      0.00000 para top(01)
Mensaje D / 00:00:03:555 / phone(02) / ... para top(01)
Mensaje D / 00:00:03:555 / top(01) / ... para Root(00)
Mensaje X / 00:00:04:111 / Root(00) / in /      1.00000 para top(01)
Mensaje X / 00:00:04:111 / top(01) / handset /      1.00000 para phone(02)
Mensaje D / 00:00:04:111 / phone(02) / 00:00:00:000 para top(01)
Mensaje D / 00:00:04:111 / top(01) / 00:00:00:000 para Root(00)
Mensaje * / 00:00:04:111 / Root(00) para top(01)
Mensaje * / 00:00:04:111 / top(01) para phone(02)
Mensaje Y / 00:00:04:111 / phone(02) / toswitch /      1.00000 para top(01)
Mensaje D / 00:00:04:111 / phone(02) / ... para top(01)
Mensaje D / 00:00:04:111 / top(01) / ... para Root(00)
Mensaje X / 00:00:04:222 / Root(00) / switch /      3.00000 para top(01)
Mensaje X / 00:00:04:222 / top(01) / fromswitch /      3.00000 para phone(02)
Mensaje D / 00:00:04:222 / phone(02) / 00:00:00:000 para top(01)
Mensaje D / 00:00:04:222 / top(01) / 00:00:00:000 para Root(00)
Mensaje * / 00:00:04:222 / Root(00) para top(01)
Mensaje * / 00:00:04:222 / top(01) para phone(02)
Mensaje Y / 00:00:04:222 / phone(02) / dialtone /      1.00000 para top(01)
Mensaje D / 00:00:04:222 / phone(02) / ... para top(01)
Mensaje D / 00:00:04:222 / top(01) / ... para Root(00)
Mensaje X / 00:00:04:333 / Root(00) / dial /      4.00000 para top(01)
Mensaje X / 00:00:04:333 / top(01) / dialnum /      4.00000 para phone(02)
Mensaje D / 00:00:04:333 / phone(02) / 00:00:00:100 para top(01)
Mensaje D / 00:00:04:333 / top(01) / 00:00:00:100 para Root(00)
Mensaje * / 00:00:04:433 / Root(00) para top(01)
Mensaje * / 00:00:04:433 / top(01) para phone(02)
Mensaje Y / 00:00:04:433 / phone(02) / dialtone /      0.00000 para top(01)
Mensaje Y / 00:00:04:433 / phone(02) / callnum /      4.00000 para top(01)
Mensaje D / 00:00:04:433 / phone(02) / ... para top(01)
Mensaje D / 00:00:04:433 / top(01) / ... para Root(00)
Mensaje X / 00:00:04:444 / Root(00) / switch /      7.00000 para top(01)
Mensaje X / 00:00:04:444 / top(01) / fromswitch /      7.00000 para phone(02)
Mensaje D / 00:00:04:444 / phone(02) / 00:00:00:000 para top(01)
Mensaje D / 00:00:04:444 / top(01) / 00:00:00:000 para Root(00)
Mensaje * / 00:00:04:444 / Root(00) para top(01)
Mensaje * / 00:00:04:444 / top(01) para phone(02)
Mensaje Y / 00:00:04:444 / phone(02) / wrongnum /      1.00000 para top(01)
Mensaje D / 00:00:04:444 / phone(02) / ... para top(01)
Mensaje D / 00:00:04:444 / top(01) / ... para Root(00)
Mensaje X / 00:00:04:555 / Root(00) / in /      0.00000 para top(01)
Mensaje X / 00:00:04:555 / top(01) / handset /      0.00000 para phone(02)
Mensaje D / 00:00:04:555 / phone(02) / 00:00:00:000 para top(01)
Mensaje D / 00:00:04:555 / top(01) / 00:00:00:000 para Root(00)
Mensaje * / 00:00:04:555 / Root(00) para top(01)
Mensaje * / 00:00:04:555 / top(01) para phone(02)
Mensaje Y / 00:00:04:555 / phone(02) / wrongnum /      0.00000 para top(01)
Mensaje Y / 00:00:04:555 / phone(02) / toswitch /      0.00000 para top(01)
Mensaje D / 00:00:04:555 / phone(02) / ... para top(01)
Mensaje D / 00:00:04:555 / top(01) / ... para Root(00)
Mensaje X / 00:00:05:000 / Root(00) / in /      1.00000 para top(01)
Mensaje X / 00:00:05:000 / top(01) / handset /      1.00000 para phone(02)
Mensaje D / 00:00:05:000 / phone(02) / 00:00:00:000 para top(01)
Mensaje D / 00:00:05:000 / top(01) / 00:00:00:000 para Root(00)
Mensaje * / 00:00:05:000 / Root(00) para top(01)
Mensaje * / 00:00:05:000 / top(01) para phone(02)
Mensaje Y / 00:00:05:000 / phone(02) / toswitch /      1.00000 para top(01)
Mensaje D / 00:00:05:000 / phone(02) / ... para top(01)
Mensaje D / 00:00:05:000 / top(01) / ... para Root(00)
Mensaje X / 00:00:05:111 / Root(00) / switch /      3.00000 para top(01)
Mensaje X / 00:00:05:111 / top(01) / fromswitch /      3.00000 para phone(02)
Mensaje D / 00:00:05:111 / phone(02) / 00:00:00:000 para top(01)
Mensaje D / 00:00:05:111 / top(01) / 00:00:00:000 para Root(00)
Mensaje * / 00:00:05:111 / Root(00) para top(01)
Mensaje * / 00:00:05:111 / top(01) para phone(02)
Mensaje Y / 00:00:05:111 / phone(02) / dialtone /      1.00000 para top(01)
Mensaje D / 00:00:05:111 / phone(02) / ... para top(01)
Mensaje D / 00:00:05:111 / top(01) / ... para Root(00)
Mensaje X / 00:00:05:222 / Root(00) / switch /      4.00000 para top(01)
Mensaje X / 00:00:05:222 / top(01) / fromswitch /      4.00000 para phone(02)
Mensaje D / 00:00:05:222 / phone(02) / ... para top(01)
Mensaje D / 00:00:05:222 / top(01) / ... para Root(00)
Mensaje X / 00:00:05:333 / Root(00) / in /      1.00000 para top(01)
Mensaje X / 00:00:05:333 / top(01) / handset /      1.00000 para phone(02)
Mensaje D / 00:00:05:333 / phone(02) / ... para top(01)
Mensaje D / 00:00:05:333 / top(01) / ... para Root(00)
Mensaje X / 00:00:05:444 / Root(00) / dial /      5.00000 para top(01)
Mensaje X / 00:00:05:444 / top(01) / dialnum /      5.00000 para phone(02)
Mensaje D / 00:00:05:444 / phone(02) / 00:00:00:100 para top(01)
Mensaje D / 00:00:05:444 / top(01) / 00:00:00:100 para Root(00)
Mensaje * / 00:00:05:544 / Root(00) para top(01)
Mensaje * / 00:00:05:544 / top(01) para phone(02)
Mensaje Y / 00:00:05:544 / phone(02) / dialtone /      0.00000 para top(01)
Mensaje Y / 00:00:05:544 / phone(02) / callnum /      5.00000 para top(01)
Mensaje D / 00:00:05:544 / phone(02) / ... para top(01)
Mensaje D / 00:00:05:544 / top(01) / ... para Root(00)
Mensaje X / 00:00:05:555 / Root(00) / dial /      6.00000 para top(01)
Mensaje X / 00:00:05:555 / top(01) / dialnum /      6.00000 para phone(02)
Mensaje D / 00:00:05:555 / phone(02) / ... para top(01)
Mensaje D / 00:00:05:555 / top(01) / ... para Root(00)
Mensaje X / 00:00:05:666 / Root(00) / switch /      5.00000 para top(01)
Mensaje X / 00:00:05:666 / top(01) / fromswitch /      5.00000 para phone(02)
Mensaje D / 00:00:05:666 / phone(02) / 00:00:00:000 para top(01)
Mensaje D / 00:00:05:666 / top(01) / 00:00:00:000 para Root(00)
Mensaje * / 00:00:05:666 / Root(00) para top(01)
Mensaje * / 00:00:05:666 / top(01) para phone(02)
Mensaje Y / 00:00:05:666 / phone(02) / remotering /      1.00000 para top(01)
Mensaje D / 00:00:05:666 / phone(02) / ... para top(01)
Mensaje D / 00:00:05:666 / top(01) / ... para Root(00)
Mensaje X / 00:00:05:777 / Root(00) / switch /      6.00000 para top(01)
Mensaje X / 00:00:05:777 / top(01) / fromswitch /      6.00000 para phone(02)
Mensaje D / 00:00:05:777 / phone(02) / ... para top(01)
Mensaje D / 00:00:05:777 / top(01) / ... para Root(00)
Mensaje X / 00:00:05:888 / Root(00) / switch /      7.00000 para top(01)
Mensaje X / 00:00:05:888 / top(01) / fromswitch /      7.00000 para phone(02)
Mensaje D / 00:00:05:888 / phone(02) / ... para top(01)
Mensaje D / 00:00:05:888 / top(01) / ... para Root(00)
Mensaje X / 00:00:05:999 / Root(00) / switch /      8.00000 para top(01)
Mensaje X / 00:00:05:999 / top(01) / fromswitch /      8.00000 para phone(02)
Mensaje D / 00:00:05:999 / phone(02) / 00:00:00:000 para top(01)
Mensaje D / 00:00:05:999 / top(01) / 00:00:00:000 para Root(00)
Mensaje * / 00:00:05:999 / Root(00) para top(01)
Mensaje * / 00:00:05:999 / top(01) para phone(02)
Mensaje Y / 00:00:05:999 / phone(02) / remotering /      0.00000 para top(01)
Mensaje Y / 00:00:05:999 / phone(02) / connect /      1.00000 para top(01)
Mensaje D / 00:00:05:999 / phone(02) / ... para top(01)
Mensaje D / 00:00:05:999 / top(01) / ... para Root(00)
Mensaje X / 00:00:06:000 / Root(00) / in /      0.00000 para top(01)
Mensaje X / 00:00:06:000 / top(01) / handset /      0.00000 para phone(02)
Mensaje D / 00:00:06:000 / phone(02) / 00:00:00:000 para top(01)
Mensaje D / 00:00:06:000 / top(01) / 00:00:00:000 para Root(00)
Mensaje * / 00:00:06:000 / Root(00) para top(01)
Mensaje * / 00:00:06:000 / top(01) para phone(02)
Mensaje Y / 00:00:06:000 / phone(02) / connect /      0.00000 para top(01)
Mensaje Y / 00:00:06:000 / phone(02) / toswitch /      0.00000 para top(01)
Mensaje D / 00:00:06:000 / phone(02) / ... para top(01)
Mensaje D / 00:00:06:000 / top(01) / ... para Root(00)
Mensaje X / 00:00:06:111 / Root(00) / switch /      4.00000 para top(01)
Mensaje X / 00:00:06:111 / top(01) / fromswitch /      4.00000 para phone(02)
Mensaje D / 00:00:06:111 / phone(02) / 00:00:00:000 para top(01)
Mensaje D / 00:00:06:111 / top(01) / 00:00:00:000 para Root(00)
Mensaje * / 00:00:06:111 / Root(00) para top(01)
Mensaje * / 00:00:06:111 / top(01) para phone(02)
Mensaje Y / 00:00:06:111 / phone(02) / ring /      1.00000 para top(01)
Mensaje D / 00:00:06:111 / phone(02) / ... para top(01)
Mensaje D / 00:00:06:111 / top(01) / ... para Root(00)
Mensaje X / 00:00:06:222 / Root(00) / in /      1.00000 para top(01)
Mensaje X / 00:00:06:222 / top(01) / handset /      1.00000 para phone(02)
Mensaje D / 00:00:06:222 / phone(02) / 00:00:00:000 para top(01)
Mensaje D / 00:00:06:222 / top(01) / 00:00:00:000 para Root(00)
Mensaje * / 00:00:06:222 / Root(00) para top(01)
Mensaje * / 00:00:06:222 / top(01) para phone(02)
Mensaje Y / 00:00:06:222 / phone(02) / ring /      0.00000 para top(01)
Mensaje Y / 00:00:06:222 / phone(02) / toswitch /      1.00000 para top(01)
Mensaje D / 00:00:06:222 / phone(02) / ... para top(01)
Mensaje D / 00:00:06:222 / top(01) / ... para Root(00)
Mensaje X / 00:00:06:333 / Root(00) / switch /      8.00000 para top(01)
Mensaje X / 00:00:06:333 / top(01) / fromswitch /      8.00000 para phone(02)
Mensaje D / 00:00:06:333 / phone(02) / 00:00:00:000 para top(01)
Mensaje D / 00:00:06:333 / top(01) / 00:00:00:000 para Root(00)
Mensaje * / 00:00:06:333 / Root(00) para top(01)
Mensaje * / 00:00:06:333 / top(01) para phone(02)
Mensaje Y / 00:00:06:333 / phone(02) / ring /      0.00000 para top(01)
Mensaje Y / 00:00:06:333 / phone(02) / connect /      1.00000 para top(01)
Mensaje D / 00:00:06:333 / phone(02) / ... para top(01)
Mensaje D / 00:00:06:333 / top(01) / ... para Root(00)
Mensaje X / 00:00:06:444 / Root(00) / in /      0.00000 para top(01)
Mensaje X / 00:00:06:444 / top(01) / handset /      0.00000 para phone(02)
Mensaje D / 00:00:06:444 / phone(02) / 00:00:00:000 para top(01)
Mensaje D / 00:00:06:444 / top(01) / 00:00:00:000 para Root(00)
Mensaje * / 00:00:06:444 / Root(00) para top(01)
Mensaje * / 00:00:06:444 / top(01) para phone(02)
Mensaje Y / 00:00:06:444 / phone(02) / connect /      0.00000 para top(01)
Mensaje Y / 00:00:06:444 / phone(02) / toswitch /      0.00000 para top(01)
Mensaje D / 00:00:06:444 / phone(02) / ... para top(01)
Mensaje D / 00:00:06:444 / top(01) / ... para Root(00)
Mensaje X / 00:00:07:111 / Root(00) / switch /      4.00000 para top(01)
Mensaje X / 00:00:07:111 / top(01) / fromswitch /      4.00000 para phone(02)
Mensaje D / 00:00:07:111 / phone(02) / 00:00:00:000 para top(01)
Mensaje D / 00:00:07:111 / top(01) / 00:00:00:000 para Root(00)
Mensaje * / 00:00:07:111 / Root(00) para top(01)
Mensaje * / 00:00:07:111 / top(01) para phone(02)
Mensaje Y / 00:00:07:111 / phone(02) / ring /      1.00000 para top(01)
Mensaje D / 00:00:07:111 / phone(02) / ... para top(01)
Mensaje D / 00:00:07:111 / top(01) / ... para Root(00)
Mensaje X / 00:00:07:222 / Root(00) / in /      1.00000 para top(01)
Mensaje X / 00:00:07:222 / top(01) / handset /      1.00000 para phone(02)
Mensaje D / 00:00:07:222 / phone(02) / 00:00:00:000 para top(01)
Mensaje D / 00:00:07:222 / top(01) / 00:00:00:000 para Root(00)
Mensaje * / 00:00:07:222 / Root(00) para top(01)
Mensaje * / 00:00:07:222 / top(01) para phone(02)
Mensaje Y / 00:00:07:222 / phone(02) / ring /      0.00000 para top(01)
Mensaje Y / 00:00:07:222 / phone(02) / toswitch /      1.00000 para top(01)
Mensaje D / 00:00:07:222 / phone(02) / ... para top(01)
Mensaje D / 00:00:07:222 / top(01) / ... para Root(00)
Mensaje X / 00:00:07:333 / Root(00) / switch /      8.00000 para top(01)
Mensaje X / 00:00:07:333 / top(01) / fromswitch /      8.00000 para phone(02)
Mensaje D / 00:00:07:333 / phone(02) / 00:00:00:000 para top(01)
Mensaje D / 00:00:07:333 / top(01) / 00:00:00:000 para Root(00)
Mensaje * / 00:00:07:333 / Root(00) para top(01)
Mensaje * / 00:00:07:333 / top(01) para phone(02)
Mensaje Y / 00:00:07:333 / phone(02) / ring /      0.00000 para top(01)
Mensaje Y / 00:00:07:333 / phone(02) / connect /      1.00000 para top(01)
Mensaje D / 00:00:07:333 / phone(02) / ... para top(01)
Mensaje D / 00:00:07:333 / top(01) / ... para Root(00)
Mensaje X / 00:00:07:444 / Root(00) / switch /      9.00000 para top(01)
Mensaje X / 00:00:07:444 / top(01) / fromswitch /      9.00000 para phone(02)
Mensaje D / 00:00:07:444 / phone(02) / 00:00:00:000 para top(01)
Mensaje D / 00:00:07:444 / top(01) / 00:00:00:000 para Root(00)
Mensaje * / 00:00:07:444 / Root(00) para top(01)
Mensaje * / 00:00:07:444 / top(01) para phone(02)
Mensaje Y / 00:00:07:444 / phone(02) / connect /      0.00000 para top(01)
Mensaje D / 00:00:07:444 / phone(02) / ... para top(01)
Mensaje D / 00:00:07:444 / top(01) / ... para Root(00)
Mensaje X / 00:00:07:555 / Root(00) / in /      0.00000 para top(01)
Mensaje X / 00:00:07:555 / top(01) / handset /      0.00000 para phone(02)
Mensaje D / 00:00:07:555 / phone(02) / 00:00:00:000 para top(01)
Mensaje D / 00:00:07:555 / top(01) / 00:00:00:000 para Root(00)
Mensaje * / 00:00:07:555 / Root(00) para top(01)
Mensaje * / 00:00:07:555 / top(01) para phone(02)
Mensaje Y / 00:00:07:555 / phone(02) / toswitch /      0.00000 para top(01)
Mensaje D / 00:00:07:555 / phone(02) / ... para top(01)
Mensaje D / 00:00:07:555 / top(01) / ... para Root(00)
Mensaje X / 00:00:08:000 / Root(00) / switch /     10.00000 para top(01)
Mensaje X / 00:00:08:000 / top(01) / fromswitch /     10.00000 para phone(02)
Mensaje D / 00:00:08:000 / phone(02) / ... para top(01)
Mensaje D / 00:00:08:000 / top(01) / ... para Root(00)
Mensaje X / 00:00:08:111 / Root(00) / switch /      9.00000 para top(01)
Mensaje X / 00:00:08:111 / top(01) / fromswitch /      9.00000 para phone(02)
Mensaje D / 00:00:08:111 / phone(02) / ... para top(01)
Mensaje D / 00:00:08:111 / top(01) / ... para Root(00)
Mensaje X / 00:00:08:222 / Root(00) / switch /      8.00000 para top(01)
Mensaje X / 00:00:08:222 / top(01) / fromswitch /      8.00000 para phone(02)
Mensaje D / 00:00:08:222 / phone(02) / ... para top(01)
Mensaje D / 00:00:08:222 / top(01) / ... para Root(00)
Mensaje X / 00:00:08:333 / Root(00) / switch /      7.00000 para top(01)
Mensaje X / 00:00:08:333 / top(01) / fromswitch /      7.00000 para phone(02)
Mensaje D / 00:00:08:333 / phone(02) / ... para top(01)
Mensaje D / 00:00:08:333 / top(01) / ... para Root(00)
Mensaje X / 00:00:08:444 / Root(00) / switch /      6.00000 para top(01)
Mensaje X / 00:00:08:444 / top(01) / fromswitch /      6.00000 para phone(02)
Mensaje D / 00:00:08:444 / phone(02) / ... para top(01)
Mensaje D / 00:00:08:444 / top(01) / ... para Root(00)
Mensaje X / 00:00:08:555 / Root(00) / switch /      5.00000 para top(01)
Mensaje X / 00:00:08:555 / top(01) / fromswitch /      5.00000 para phone(02)
Mensaje D / 00:00:08:555 / phone(02) / ... para top(01)
Mensaje D / 00:00:08:555 / top(01) / ... para Root(00)
Mensaje X / 00:00:08:666 / Root(00) / switch /      4.00000 para top(01)
Mensaje X / 00:00:08:666 / top(01) / fromswitch /      4.00000 para phone(02)
Mensaje D / 00:00:08:666 / phone(02) / 00:00:00:000 para top(01)
Mensaje D / 00:00:08:666 / top(01) / 00:00:00:000 para Root(00)
Mensaje * / 00:00:08:666 / Root(00) para top(01)
Mensaje * / 00:00:08:666 / top(01) para phone(02)
Mensaje Y / 00:00:08:666 / phone(02) / ring /      1.00000 para top(01)
Mensaje D / 00:00:08:666 / phone(02) / ... para top(01)
Mensaje D / 00:00:08:666 / top(01) / ... para Root(00)
Mensaje X / 00:00:08:777 / Root(00) / switch /      3.00000 para top(01)
Mensaje X / 00:00:08:777 / top(01) / fromswitch /      3.00000 para phone(02)
Mensaje D / 00:00:08:777 / phone(02) / ... para top(01)
Mensaje D / 00:00:08:777 / top(01) / ... para Root(00)
Mensaje X / 00:00:08:888 / Root(00) / in /      0.00000 para top(01)
Mensaje X / 00:00:08:888 / top(01) / handset /      0.00000 para phone(02)
Mensaje D / 00:00:08:888 / phone(02) / ... para top(01)
Mensaje D / 00:00:08:888 / top(01) / ... para Root(00)
Mensaje X / 00:00:08:999 / Root(00) / in /      2.00000 para top(01)
Mensaje X / 00:00:08:999 / top(01) / handset /      2.00000 para phone(02)
Mensaje D / 00:00:08:999 / phone(02) / ... para top(01)
Mensaje D / 00:00:08:999 / top(01) / ... para Root(00)
Mensaje X / 00:00:09:000 / Root(00) / in /      1.00000 para top(01)
Mensaje X / 00:00:09:000 / top(01) / handset /      1.00000 para phone(02)
Mensaje D / 00:00:09:000 / phone(02) / 00:00:00:000 para top(01)
Mensaje D / 00:00:09:000 / top(01) / 00:00:00:000 para Root(00)
Mensaje * / 00:00:09:000 / Root(00) para top(01)
Mensaje * / 00:00:09:000 / top(01) para phone(02)
Mensaje Y / 00:00:09:000 / phone(02) / ring /      0.00000 para top(01)
Mensaje Y / 00:00:09:000 / phone(02) / toswitch /      1.00000 para top(01)
Mensaje D / 00:00:09:000 / phone(02) / ... para top(01)
Mensaje D / 00:00:09:000 / top(01) / ... para Root(00)
Mensaje X / 00:00:09:111 / Root(00) / switch /      3.00000 para top(01)
Mensaje X / 00:00:09:111 / top(01) / fromswitch /      3.00000 para phone(02)
Mensaje D / 00:00:09:111 / phone(02) / ... para top(01)
Mensaje D / 00:00:09:111 / top(01) / ... para Root(00)
Mensaje X / 00:00:09:222 / Root(00) / switch /      4.00000 para top(01)
Mensaje X / 00:00:09:222 / top(01) / fromswitch /      4.00000 para phone(02)
Mensaje D / 00:00:09:222 / phone(02) / ... para top(01)
Mensaje D / 00:00:09:222 / top(01) / ... para Root(00)
Mensaje X / 00:00:09:333 / Root(00) / switch /      5.00000 para top(01)
Mensaje X / 00:00:09:333 / top(01) / fromswitch /      5.00000 para phone(02)
Mensaje D / 00:00:09:333 / phone(02) / ... para top(01)
Mensaje D / 00:00:09:333 / top(01) / ... para Root(00)
Mensaje X / 00:00:09:444 / Root(00) / switch /      6.00000 para top(01)
Mensaje X / 00:00:09:444 / top(01) / fromswitch /      6.00000 para phone(02)
Mensaje D / 00:00:09:444 / phone(02) / ... para top(01)
Mensaje D / 00:00:09:444 / top(01) / ... para Root(00)
Mensaje X / 00:00:09:555 / Root(00) / switch /      7.00000 para top(01)
Mensaje X / 00:00:09:555 / top(01) / fromswitch /      7.00000 para phone(02)
Mensaje D / 00:00:09:555 / phone(02) / ... para top(01)
Mensaje D / 00:00:09:555 / top(01) / ... para Root(00)
Mensaje X / 00:00:09:666 / Root(00) / switch /      8.00000 para top(01)
Mensaje X / 00:00:09:666 / top(01) / fromswitch /      8.00000 para phone(02)
Mensaje D / 00:00:09:666 / phone(02) / 00:00:00:000 para top(01)
Mensaje D / 00:00:09:666 / top(01) / 00:00:00:000 para Root(00)
Mensaje * / 00:00:09:666 / Root(00) para top(01)
Mensaje * / 00:00:09:666 / top(01) para phone(02)
Mensaje Y / 00:00:09:666 / phone(02) / ring /      0.00000 para top(01)
Mensaje Y / 00:00:09:666 / phone(02) / connect /      1.00000 para top(01)
Mensaje D / 00:00:09:666 / phone(02) / ... para top(01)
Mensaje D / 00:00:09:666 / top(01) / ... para Root(00)
Mensaje X / 00:00:09:777 / Root(00) / switch /      9.00000 para top(01)
Mensaje X / 00:00:09:777 / top(01) / fromswitch /      9.00000 para phone(02)
Mensaje D / 00:00:09:777 / phone(02) / 00:00:00:000 para top(01)
Mensaje D / 00:00:09:777 / top(01) / 00:00:00:000 para Root(00)
Mensaje * / 00:00:09:777 / Root(00) para top(01)
Mensaje * / 00:00:09:777 / top(01) para phone(02)
Mensaje Y / 00:00:09:777 / phone(02) / connect /      0.00000 para top(01)
Mensaje D / 00:00:09:777 / phone(02) / ... para top(01)
Mensaje D / 00:00:09:777 / top(01) / ... para Root(00)
Mensaje X / 00:00:09:888 / Root(00) / in /      0.00000 para top(01)
Mensaje X / 00:00:09:888 / top(01) / handset /      0.00000 para phone(02)
Mensaje D / 00:00:09:888 / phone(02) / 00:00:00:000 para top(01)
Mensaje D / 00:00:09:888 / top(01) / 00:00:00:000 para Root(00)
Mensaje * / 00:00:09:888 / Root(00) para top(01)
Mensaje * / 00:00:09:888 / top(01) para phone(02)
Mensaje Y / 00:00:09:888 / phone(02) / toswitch /      0.00000 para top(01)
Mensaje D / 00:00:09:888 / phone(02) / ... para top(01)
Mensaje D / 00:00:09:888 / top(01) / ... para Root(00)
Mensaje X / 00:00:09:999 / Root(00) / in /      0.00000 para top(01)
Mensaje X / 00:00:09:999 / top(01) / handset /      0.00000 para phone(02)
Mensaje D / 00:00:09:999 / phone(02) / ... para top(01)
Mensaje D / 00:00:09:999 / top(01) / ... para Root(00)
Mensaje X / 00:00:10:000 / Root(00) / in /      1.00000 para top(01)
Mensaje X / 00:00:10:000 / top(01) / handset /      1.00000 para phone(02)
Mensaje D / 00:00:10:000 / phone(02) / 00:00:00:000 para top(01)
Mensaje D / 00:00:10:000 / top(01) / 00:00:00:000 para Root(00)
Mensaje * / 00:00:10:000 / Root(00) para top(01)
Mensaje * / 00:00:10:000 / top(01) para phone(02)
Mensaje Y / 00:00:10:000 / phone(02) / toswitch /      1.00000 para top(01)
Mensaje D / 00:00:10:000 / phone(02) / ... para top(01)
Mensaje D / 00:00:10:000 / top(01) / ... para Root(00)
Mensaje X / 00:00:10:111 / Root(00) / switch /      3.00000 para top(01)
Mensaje X / 00:00:10:111 / top(01) / fromswitch /      3.00000 para phone(02)
Mensaje D / 00:00:10:111 / phone(02) / 00:00:00:000 para top(01)
Mensaje D / 00:00:10:111 / top(01) / 00:00:00:000 para Root(00)
Mensaje * / 00:00:10:111 / Root(00) para top(01)
Mensaje * / 00:00:10:111 / top(01) para phone(02)
Mensaje Y / 00:00:10:111 / phone(02) / dialtone /      1.00000 para top(01)
Mensaje D / 00:00:10:111 / phone(02) / ... para top(01)
Mensaje D / 00:00:10:111 / top(01) / ... para Root(00)
Mensaje X / 00:00:10:222 / Root(00) / switch /      4.00000 para top(01)
Mensaje X / 00:00:10:222 / top(01) / fromswitch /      4.00000 para phone(02)
Mensaje D / 00:00:10:222 / phone(02) / ... para top(01)
Mensaje D / 00:00:10:222 / top(01) / ... para Root(00)
Mensaje X / 00:00:10:333 / Root(00) / switch /      5.00000 para top(01)
Mensaje X / 00:00:10:333 / top(01) / fromswitch /      5.00000 para phone(02)
Mensaje D / 00:00:10:333 / phone(02) / ... para top(01)
Mensaje D / 00:00:10:333 / top(01) / ... para Root(00)
Mensaje X / 00:00:10:444 / Root(00) / switch /      6.00000 para top(01)
Mensaje X / 00:00:10:444 / top(01) / fromswitch /      6.00000 para phone(02)
Mensaje D / 00:00:10:444 / phone(02) / ... para top(01)
Mensaje D / 00:00:10:444 / top(01) / ... para Root(00)
Mensaje X / 00:00:10:555 / Root(00) / switch /      7.00000 para top(01)
Mensaje X / 00:00:10:555 / top(01) / fromswitch /      7.00000 para phone(02)
Mensaje D / 00:00:10:555 / phone(02) / ... para top(01)
Mensaje D / 00:00:10:555 / top(01) / ... para Root(00)
Mensaje X / 00:00:10:666 / Root(00) / switch /      8.00000 para top(01)
Mensaje X / 00:00:10:666 / top(01) / fromswitch /      8.00000 para phone(02)
Mensaje D / 00:00:10:666 / phone(02) / ... para top(01)
Mensaje D / 00:00:10:666 / top(01) / ... para Root(00)
Mensaje X / 00:00:10:777 / Root(00) / switch /      9.00000 para top(01)
Mensaje X / 00:00:10:777 / top(01) / fromswitch /      9.00000 para phone(02)
Mensaje D / 00:00:10:777 / phone(02) / ... para top(01)
Mensaje D / 00:00:10:777 / top(01) / ... para Root(00)
Mensaje X / 00:00:10:888 / Root(00) / in /      0.00000 para top(01)
Mensaje X / 00:00:10:888 / top(01) / handset /      0.00000 para phone(02)
Mensaje D / 00:00:10:888 / phone(02) / 00:00:00:000 para top(01)
Mensaje D / 00:00:10:888 / top(01) / 00:00:00:000 para Root(00)
Mensaje * / 00:00:10:888 / Root(00) para top(01)
Mensaje * / 00:00:10:888 / top(01) para phone(02)
Mensaje Y / 00:00:10:888 / phone(02) / dialtone /      0.00000 para top(01)
Mensaje Y / 00:00:10:888 / phone(02) / toswitch /      0.00000 para top(01)
Mensaje D / 00:00:10:888 / phone(02) / ... para top(01)
Mensaje D / 00:00:10:888 / top(01) / ... para Root(00)
